1743410937062	geckodriver	INFO	Listening on 127.0.0.1:59336
1743410940121	mozrunner::runner	INFO	Running command: "C:\\Program Files\\Mozilla Firefox\\firefox.exe" "--marionette" "--remote-debugging-port" "59337" "--remote-allow-hosts" "localhost" "-no-remote" "-profile" "C:\\Users\\Володимир\\AppData\\Local\\Temp\\rust_mozprofileeaidaE"
1743411046737	geckodriver	INFO	Listening on 127.0.0.1:59378
1743411049785	mozrunner::runner	INFO	Running command: "C:\\Program Files\\Mozilla Firefox\\firefox.exe" "--marionette" "--remote-debugging-port" "59379" "--remote-allow-hosts" "localhost" "-no-remote" "-profile" "C:\\Users\\Володимир\\AppData\\Local\\Temp\\rust_mozprofile2HzWFp"
console.warn: services.settings: Ignoring preference override of remote settings server
console.warn: services.settings: Allow by setting MOZ_REMOTE_SETTINGS_DEVTOOLS=1 in the environment
Dynamically enable window occlusion 0
1743411050292	Marionette	INFO	Marionette enabled
1743411050440	Marionette	INFO	Listening on port 59386
WebDriver BiDi listening on ws://127.0.0.1:59379
Read port: 59386
1743411050712	RemoteAgent	WARN	TLS certificate errors will be ignored for this session
DevTools listening on ws://127.0.0.1:59379/devtools/browser/91e2aa1a-55d4-4487-a562-fefc5490beae
1743411054767	Marionette	INFO	Stopped listening on port 59386
Dynamically enable window occlusion 1
1743411070288	geckodriver	INFO	Listening on 127.0.0.1:59419
1743411073303	mozrunner::runner	INFO	Running command: "C:\\Program Files\\Mozilla Firefox\\firefox.exe" "--marionette" "--remote-debugging-port" "59420" "--remote-allow-hosts" "localhost" "-no-remote" "-profile" "C:\\Users\\Володимир\\AppData\\Local\\Temp\\rust_mozprofileqIA8CJ"
console.warn: services.settings: Ignoring preference override of remote settings server
console.warn: services.settings: Allow by setting MOZ_REMOTE_SETTINGS_DEVTOOLS=1 in the environment
Dynamically enable window occlusion 0
1743411073839	Marionette	INFO	Marionette enabled
1743411074011	Marionette	INFO	Listening on port 59427
WebDriver BiDi listening on ws://127.0.0.1:59420
Read port: 59427
1743411074242	RemoteAgent	WARN	TLS certificate errors will be ignored for this session
DevTools listening on ws://127.0.0.1:59420/devtools/browser/ebeffa67-06ff-455a-bb97-811ee6d73d7d
JavaScript warning: https://pagead2.googlesyndication.com/bg/SqLpVpn9jy55TssTm700nX3kPD-BE6qtH0pj6QFOnH0.js, line 6721: unreachable code after return statement
JavaScript warning: https://pagead2.googlesyndication.com/bg/SqLpVpn9jy55TssTm700nX3kPD-BE6qtH0pj6QFOnH0.js, line 6721: unreachable code after return statement
JavaScript warning: https://pagead2.googlesyndication.com/bg/SqLpVpn9jy55TssTm700nX3kPD-BE6qtH0pj6QFOnH0.js, line 6721: unreachable code after return statement
JavaScript warning: https://pagead2.googlesyndication.com/bg/SqLpVpn9jy55TssTm700nX3kPD-BE6qtH0pj6QFOnH0.js, line 6721: unreachable code after return statement
JavaScript warning: https://pagead2.googlesyndication.com/bg/SqLpVpn9jy55TssTm700nX3kPD-BE6qtH0pj6QFOnH0.js, line 6721: unreachable code after return statement
JavaScript warning: https://pagead2.googlesyndication.com/bg/SqLpVpn9jy55TssTm700nX3kPD-BE6qtH0pj6QFOnH0.js, line 6721: unreachable code after return statement
JavaScript warning: https://pagead2.googlesyndication.com/bg/SqLpVpn9jy55TssTm700nX3kPD-BE6qtH0pj6QFOnH0.js, line 6721: unreachable code after return statement
JavaScript warning: https://pagead2.googlesyndication.com/bg/SqLpVpn9jy55TssTm700nX3kPD-BE6qtH0pj6QFOnH0.js, line 6721: unreachable code after return statement
JavaScript warning: https://pagead2.googlesyndication.com/bg/SqLpVpn9jy55TssTm700nX3kPD-BE6qtH0pj6QFOnH0.js, line 6721: unreachable code after return statement
JavaScript warning: https://pagead2.googlesyndication.com/bg/SqLpVpn9jy55TssTm700nX3kPD-BE6qtH0pj6QFOnH0.js, line 6721: unreachable code after return statement
JavaScript warning: https://pagead2.googlesyndication.com/bg/SqLpVpn9jy55TssTm700nX3kPD-BE6qtH0pj6QFOnH0.js, line 6721: unreachable code after return statement
JavaScript warning: https://pagead2.googlesyndication.com/bg/SqLpVpn9jy55TssTm700nX3kPD-BE6qtH0pj6QFOnH0.js line 2 > eval, line 6721: unreachable code after return statement
JavaScript warning: https://pagead2.googlesyndication.com/bg/SqLpVpn9jy55TssTm700nX3kPD-BE6qtH0pj6QFOnH0.js line 2 > eval, line 6721: unreachable code after return statement
JavaScript warning: https://pagead2.googlesyndication.com/bg/SqLpVpn9jy55TssTm700nX3kPD-BE6qtH0pj6QFOnH0.js line 2 > eval, line 6721: unreachable code after return statement
JavaScript warning: https://pagead2.googlesyndication.com/bg/SqLpVpn9jy55TssTm700nX3kPD-BE6qtH0pj6QFOnH0.js line 2 > eval, line 6721: unreachable code after return statement
JavaScript warning: https://pagead2.googlesyndication.com/bg/SqLpVpn9jy55TssTm700nX3kPD-BE6qtH0pj6QFOnH0.js line 2 > eval, line 6721: unreachable code after return statement
JavaScript warning: https://pagead2.googlesyndication.com/bg/SqLpVpn9jy55TssTm700nX3kPD-BE6qtH0pj6QFOnH0.js line 2 > eval, line 6721: unreachable code after return statement
JavaScript warning: https://pagead2.googlesyndication.com/bg/SqLpVpn9jy55TssTm700nX3kPD-BE6qtH0pj6QFOnH0.js line 2 > eval, line 6721: unreachable code after return statement
JavaScript warning: https://pagead2.googlesyndication.com/bg/SqLpVpn9jy55TssTm700nX3kPD-BE6qtH0pj6QFOnH0.js line 2 > eval, line 1: unreachable code after return statement
JavaScript warning: https://pagead2.googlesyndication.com/bg/SqLpVpn9jy55TssTm700nX3kPD-BE6qtH0pj6QFOnH0.js line 2 > eval line 6721 > eval, line 1: unreachable code after return statement
JavaScript warning: https://pagead2.googlesyndication.com/bg/SqLpVpn9jy55TssTm700nX3kPD-BE6qtH0pj6QFOnH0.js line 2 > eval, line 1: unreachable code after return statement
JavaScript warning: https://pagead2.googlesyndication.com/bg/SqLpVpn9jy55TssTm700nX3kPD-BE6qtH0pj6QFOnH0.js line 2 > eval line 6721 > eval, line 1: unreachable code after return statement
JavaScript warning: https://pagead2.googlesyndication.com/bg/SqLpVpn9jy55TssTm700nX3kPD-BE6qtH0pj6QFOnH0.js line 2 > eval, line 1: unreachable code after return statement
JavaScript warning: https://pagead2.googlesyndication.com/bg/SqLpVpn9jy55TssTm700nX3kPD-BE6qtH0pj6QFOnH0.js line 2 > eval line 6721 > eval, line 1: unreachable code after return statement
JavaScript warning: https://pagead2.googlesyndication.com/bg/SqLpVpn9jy55TssTm700nX3kPD-BE6qtH0pj6QFOnH0.js line 2 > eval, line 1: unreachable code after return statement
JavaScript warning: https://pagead2.googlesyndication.com/bg/SqLpVpn9jy55TssTm700nX3kPD-BE6qtH0pj6QFOnH0.js line 2 > eval line 6721 > eval, line 1: unreachable code after return statement
JavaScript warning: https://pagead2.googlesyndication.com/bg/SqLpVpn9jy55TssTm700nX3kPD-BE6qtH0pj6QFOnH0.js line 2 > eval line 6721 > eval line 1 > eval, line 1: unreachable code after return statement
JavaScript warning: https://pagead2.googlesyndication.com/bg/SqLpVpn9jy55TssTm700nX3kPD-BE6qtH0pj6QFOnH0.js line 2 > eval line 6721 > eval, line 1: unreachable code after return statement
JavaScript warning: https://pagead2.googlesyndication.com/bg/SqLpVpn9jy55TssTm700nX3kPD-BE6qtH0pj6QFOnH0.js line 2 > eval, line 6721: unreachable code after return statement
JavaScript warning: https://pagead2.googlesyndication.com/bg/SqLpVpn9jy55TssTm700nX3kPD-BE6qtH0pj6QFOnH0.js line 2 > eval, line 6721: unreachable code after return statement
JavaScript warning: https://pagead2.googlesyndication.com/bg/SqLpVpn9jy55TssTm700nX3kPD-BE6qtH0pj6QFOnH0.js line 2 > eval, line 6721: unreachable code after return statement
JavaScript warning: https://pagead2.googlesyndication.com/bg/SqLpVpn9jy55TssTm700nX3kPD-BE6qtH0pj6QFOnH0.js line 2 > eval line 6721 > eval line 1 > eval, line 1: unreachable code after return statement
JavaScript warning: https://pagead2.googlesyndication.com/bg/SqLpVpn9jy55TssTm700nX3kPD-BE6qtH0pj6QFOnH0.js line 2 > eval line 6721 > eval line 1 > eval, line 1: unreachable code after return statement
JavaScript warning: https://pagead2.googlesyndication.com/bg/SqLpVpn9jy55TssTm700nX3kPD-BE6qtH0pj6QFOnH0.js line 2 > eval line 6721 > eval line 1 > eval, line 1: unreachable code after return statement
JavaScript warning: https://pagead2.googlesyndication.com/bg/SqLpVpn9jy55TssTm700nX3kPD-BE6qtH0pj6QFOnH0.js line 2 > eval line 6721 > eval line 1 > eval, line 1: unreachable code after return statement
JavaScript warning: https://pagead2.googlesyndication.com/bg/SqLpVpn9jy55TssTm700nX3kPD-BE6qtH0pj6QFOnH0.js line 2 > eval line 6721 > eval line 1 > eval, line 1: unreachable code after return statement
JavaScript warning: https://pagead2.googlesyndication.com/bg/SqLpVpn9jy55TssTm700nX3kPD-BE6qtH0pj6QFOnH0.js line 2 > eval line 6721 > eval line 1 > eval, line 1: unreachable code after return statement
JavaScript warning: https://pagead2.googlesyndication.com/bg/SqLpVpn9jy55TssTm700nX3kPD-BE6qtH0pj6QFOnH0.js line 2 > eval line 6721 > eval line 1 > eval line 1 > eval, line 1: unreachable code after return statement
JavaScript warning: https://pagead2.googlesyndication.com/bg/SqLpVpn9jy55TssTm700nX3kPD-BE6qtH0pj6QFOnH0.js line 2 > eval line 6721 > eval line 1 > eval line 1 > eval, line 1: unreachable code after return statement
JavaScript warning: https://pagead2.googlesyndication.com/bg/SqLpVpn9jy55TssTm700nX3kPD-BE6qtH0pj6QFOnH0.js line 2 > eval line 6721 > eval line 1 > eval line 1 > eval, line 1: unreachable code after return statement
JavaScript warning: https://pagead2.googlesyndication.com/bg/SqLpVpn9jy55TssTm700nX3kPD-BE6qtH0pj6QFOnH0.js line 2 > eval line 6721 > eval line 1 > eval line 1 > eval, line 1: unreachable code after return statement
JavaScript warning: https://pagead2.googlesyndication.com/bg/SqLpVpn9jy55TssTm700nX3kPD-BE6qtH0pj6QFOnH0.js line 2 > eval line 6721 > eval line 1 > eval line 1 > eval, line 1: unreachable code after return statement
JavaScript warning: https://pagead2.googlesyndication.com/bg/SqLpVpn9jy55TssTm700nX3kPD-BE6qtH0pj6QFOnH0.js, line 5193: unreachable code after return statement
JavaScript warning: https://pagead2.googlesyndication.com/bg/SqLpVpn9jy55TssTm700nX3kPD-BE6qtH0pj6QFOnH0.js, line 5193: unreachable code after return statement
JavaScript warning: https://pagead2.googlesyndication.com/bg/SqLpVpn9jy55TssTm700nX3kPD-BE6qtH0pj6QFOnH0.js, line 5193: unreachable code after return statement
JavaScript warning: https://pagead2.googlesyndication.com/bg/SqLpVpn9jy55TssTm700nX3kPD-BE6qtH0pj6QFOnH0.js, line 5193: unreachable code after return statement
JavaScript warning: https://pagead2.googlesyndication.com/bg/SqLpVpn9jy55TssTm700nX3kPD-BE6qtH0pj6QFOnH0.js, line 5193: unreachable code after return statement
JavaScript warning: https://pagead2.googlesyndication.com/bg/SqLpVpn9jy55TssTm700nX3kPD-BE6qtH0pj6QFOnH0.js, line 5193: unreachable code after return statement
JavaScript warning: https://pagead2.googlesyndication.com/bg/SqLpVpn9jy55TssTm700nX3kPD-BE6qtH0pj6QFOnH0.js, line 5193: unreachable code after return statement
JavaScript warning: https://pagead2.googlesyndication.com/bg/SqLpVpn9jy55TssTm700nX3kPD-BE6qtH0pj6QFOnH0.js, line 5193: unreachable code after return statement
JavaScript warning: https://pagead2.googlesyndication.com/bg/SqLpVpn9jy55TssTm700nX3kPD-BE6qtH0pj6QFOnH0.js, line 5193: unreachable code after return statement
JavaScript warning: https://pagead2.googlesyndication.com/bg/SqLpVpn9jy55TssTm700nX3kPD-BE6qtH0pj6QFOnH0.js, line 5193: unreachable code after return statement
JavaScript warning: https://pagead2.googlesyndication.com/bg/SqLpVpn9jy55TssTm700nX3kPD-BE6qtH0pj6QFOnH0.js, line 5193: unreachable code after return statement
JavaScript warning: https://pagead2.googlesyndication.com/bg/SqLpVpn9jy55TssTm700nX3kPD-BE6qtH0pj6QFOnH0.js line 2 > eval, line 5193: unreachable code after return statement
JavaScript warning: https://pagead2.googlesyndication.com/bg/SqLpVpn9jy55TssTm700nX3kPD-BE6qtH0pj6QFOnH0.js line 2 > eval, line 5193: unreachable code after return statement
JavaScript warning: https://pagead2.googlesyndication.com/bg/SqLpVpn9jy55TssTm700nX3kPD-BE6qtH0pj6QFOnH0.js line 2 > eval, line 5193: unreachable code after return statement
JavaScript warning: https://pagead2.googlesyndication.com/bg/SqLpVpn9jy55TssTm700nX3kPD-BE6qtH0pj6QFOnH0.js line 2 > eval, line 5193: unreachable code after return statement
JavaScript warning: https://pagead2.googlesyndication.com/bg/SqLpVpn9jy55TssTm700nX3kPD-BE6qtH0pj6QFOnH0.js line 2 > eval, line 5193: unreachable code after return statement
JavaScript warning: https://pagead2.googlesyndication.com/bg/SqLpVpn9jy55TssTm700nX3kPD-BE6qtH0pj6QFOnH0.js line 2 > eval, line 5193: unreachable code after return statement
JavaScript warning: https://pagead2.googlesyndication.com/bg/SqLpVpn9jy55TssTm700nX3kPD-BE6qtH0pj6QFOnH0.js line 2 > eval, line 5193: unreachable code after return statement
JavaScript warning: https://pagead2.googlesyndication.com/bg/SqLpVpn9jy55TssTm700nX3kPD-BE6qtH0pj6QFOnH0.js line 2 > eval, line 1: unreachable code after return statement
JavaScript warning: https://pagead2.googlesyndication.com/bg/SqLpVpn9jy55TssTm700nX3kPD-BE6qtH0pj6QFOnH0.js line 2 > eval line 5193 > eval, line 1: unreachable code after return statement
JavaScript warning: https://pagead2.googlesyndication.com/bg/SqLpVpn9jy55TssTm700nX3kPD-BE6qtH0pj6QFOnH0.js line 2 > eval, line 1: unreachable code after return statement
JavaScript warning: https://pagead2.googlesyndication.com/bg/SqLpVpn9jy55TssTm700nX3kPD-BE6qtH0pj6QFOnH0.js line 2 > eval line 5193 > eval, line 1: unreachable code after return statement
JavaScript warning: https://pagead2.googlesyndication.com/bg/SqLpVpn9jy55TssTm700nX3kPD-BE6qtH0pj6QFOnH0.js line 2 > eval, line 1: unreachable code after return statement
JavaScript warning: https://pagead2.googlesyndication.com/bg/SqLpVpn9jy55TssTm700nX3kPD-BE6qtH0pj6QFOnH0.js line 2 > eval line 5193 > eval, line 1: unreachable code after return statement
JavaScript warning: https://pagead2.googlesyndication.com/bg/SqLpVpn9jy55TssTm700nX3kPD-BE6qtH0pj6QFOnH0.js line 2 > eval, line 1: unreachable code after return statement
JavaScript warning: https://pagead2.googlesyndication.com/bg/SqLpVpn9jy55TssTm700nX3kPD-BE6qtH0pj6QFOnH0.js line 2 > eval line 5193 > eval, line 1: unreachable code after return statement
JavaScript warning: https://pagead2.googlesyndication.com/bg/SqLpVpn9jy55TssTm700nX3kPD-BE6qtH0pj6QFOnH0.js line 2 > eval line 5193 > eval line 1 > eval, line 1: unreachable code after return statement
JavaScript warning: https://pagead2.googlesyndication.com/bg/SqLpVpn9jy55TssTm700nX3kPD-BE6qtH0pj6QFOnH0.js line 2 > eval line 5193 > eval, line 1: unreachable code after return statement
JavaScript warning: https://pagead2.googlesyndication.com/bg/SqLpVpn9jy55TssTm700nX3kPD-BE6qtH0pj6QFOnH0.js line 2 > eval, line 5193: unreachable code after return statement
JavaScript warning: https://pagead2.googlesyndication.com/bg/SqLpVpn9jy55TssTm700nX3kPD-BE6qtH0pj6QFOnH0.js line 2 > eval, line 5193: unreachable code after return statement
JavaScript warning: https://pagead2.googlesyndication.com/bg/SqLpVpn9jy55TssTm700nX3kPD-BE6qtH0pj6QFOnH0.js line 2 > eval, line 5193: unreachable code after return statement
JavaScript warning: https://pagead2.googlesyndication.com/bg/SqLpVpn9jy55TssTm700nX3kPD-BE6qtH0pj6QFOnH0.js line 2 > eval line 5193 > eval line 1 > eval, line 1: unreachable code after return statement
JavaScript warning: https://pagead2.googlesyndication.com/bg/SqLpVpn9jy55TssTm700nX3kPD-BE6qtH0pj6QFOnH0.js line 2 > eval line 5193 > eval line 1 > eval, line 1: unreachable code after return statement
JavaScript warning: https://pagead2.googlesyndication.com/bg/SqLpVpn9jy55TssTm700nX3kPD-BE6qtH0pj6QFOnH0.js line 2 > eval line 5193 > eval line 1 > eval, line 1: unreachable code after return statement
JavaScript warning: https://pagead2.googlesyndication.com/bg/SqLpVpn9jy55TssTm700nX3kPD-BE6qtH0pj6QFOnH0.js line 2 > eval line 5193 > eval line 1 > eval, line 1: unreachable code after return statement
JavaScript warning: https://pagead2.googlesyndication.com/bg/SqLpVpn9jy55TssTm700nX3kPD-BE6qtH0pj6QFOnH0.js line 2 > eval line 5193 > eval line 1 > eval, line 1: unreachable code after return statement
JavaScript warning: https://pagead2.googlesyndication.com/bg/SqLpVpn9jy55TssTm700nX3kPD-BE6qtH0pj6QFOnH0.js line 2 > eval line 5193 > eval line 1 > eval, line 1: unreachable code after return statement
JavaScript warning: https://pagead2.googlesyndication.com/bg/SqLpVpn9jy55TssTm700nX3kPD-BE6qtH0pj6QFOnH0.js line 2 > eval line 5193 > eval line 1 > eval line 1 > eval, line 1: unreachable code after return statement
JavaScript warning: https://pagead2.googlesyndication.com/bg/SqLpVpn9jy55TssTm700nX3kPD-BE6qtH0pj6QFOnH0.js line 2 > eval line 5193 > eval line 1 > eval line 1 > eval, line 1: unreachable code after return statement
JavaScript warning: https://pagead2.googlesyndication.com/bg/SqLpVpn9jy55TssTm700nX3kPD-BE6qtH0pj6QFOnH0.js line 2 > eval line 5193 > eval line 1 > eval line 1 > eval, line 1: unreachable code after return statement
JavaScript warning: https://pagead2.googlesyndication.com/bg/SqLpVpn9jy55TssTm700nX3kPD-BE6qtH0pj6QFOnH0.js line 2 > eval line 5193 > eval line 1 > eval line 1 > eval, line 1: unreachable code after return statement
JavaScript warning: https://pagead2.googlesyndication.com/bg/SqLpVpn9jy55TssTm700nX3kPD-BE6qtH0pj6QFOnH0.js line 2 > eval line 5193 > eval line 1 > eval line 1 > eval, line 1: unreachable code after return statement
JavaScript warning: https://pagead2.googlesyndication.com/bg/SqLpVpn9jy55TssTm700nX3kPD-BE6qtH0pj6QFOnH0.js line 2 > eval line 5193 > eval line 1 > eval line 1 > eval, line 1: unreachable code after return statement
JavaScript warning: https://pagead2.googlesyndication.com/bg/0D1qcigoaeglT_kPdSNSt_YNz7aylG7ZGkWA7PuuKFY.js line 2 > eval line 7697 > eval line 1 > eval line 1 > eval, line 1: WEBGL_debug_renderer_info is deprecated in Firefox and will be removed. Please use RENDERER.
JavaScript warning: https://www.googletagmanager.com/gtag/js?id=G-MVRXK93D28&l=dataLayer&cx=c&gtm=45He53q1v855226469za200&tag_exp=102482433~102788824~102803279~102813109~102887800~102926062~102964103~102976414, line 159: Script terminated by timeout at:
pb@https://www.googletagmanager.com/gtag/js?id=G-MVRXK93D28&l=dataLayer&cx=c&gtm=45He53q1v855226469za200&tag_exp=102482433~102788824~102803279~102813109~102887800~102926062~102964103~102976414:159:128
Go@https://www.googletagmanager.com/gtag/js?id=G-MVRXK93D28&l=dataLayer&cx=c&gtm=45He53q1v855226469za200&tag_exp=102482433~102788824~102803279~102813109~102887800~102926062~102964103~102976414:379:30
Lp@https://www.googletagmanager.com/gtag/js?id=G-MVRXK93D28&l=dataLayer&cx=c&gtm=45He53q1v855226469za200&tag_exp=102482433~102788824~102803279~102813109~102887800~102926062~102964103~102976414:389:494
LM/<@https://www.googletagmanager.com/gtag/js?id=G-MVRXK93D28&l=dataLayer&cx=c&gtm=45He53q1v855226469za200&tag_exp=102482433~102788824~102803279~102813109~102887800~102926062~102964103~102976414:788:187
h.Ul/<@https://www.googletagmanager.com/gtag/js?id=G-MVRXK93D28&l=dataLayer&cx=c&gtm=45He53q1v855226469za200&tag_exp=102482433~102788824~102803279~102813109~102887800~102926062~102964103~102976414:723:126
h.Ul/c/<@https://www.googletagmanager.com/gtag/js?id=G-MVRXK93D28&l=dataLayer&cx=c&gtm=45He53q1v855226469za200&tag_exp=102482433~102788824~102803279~102813109~102887800~102926062~102964103~102976414:722:418

1743411102909	Marionette	INFO	Stopped listening on port 59427
Dynamically enable window occlusion 1
JavaScript error: , line 0: TypeError: NetworkError when attempting to fetch resource.
